# SSL/TLS secrets log file, generated by NSS
CLIENT_HANDSHAKE_TRAFFIC_SECRET 0ec1cbb125e631d16a8b7c97c1cf8353dfa989e846a85f1ac2475ee0f3344efc 74aaa04f669d970282962611185ec86206df1e054b41df3f3bd73c8e7a6f8478
SERVER_HANDSHAKE_TRAFFIC_SECRET 0ec1cbb125e631d16a8b7c97c1cf8353dfa989e846a85f1ac2475ee0f3344efc 2f1a0fc056b129dd7c3aa1254a54263671a4ac12b1831fe90c1fe8b17deafd22
CLIENT_TRAFFIC_SECRET_0 0ec1cbb125e631d16a8b7c97c1cf8353dfa989e846a85f1ac2475ee0f3344efc e524996b483effa230e81aeda0fcdfd82c165acd9e821056f7cbed0e9ffa8c46
SERVER_TRAFFIC_SECRET_0 0ec1cbb125e631d16a8b7c97c1cf8353dfa989e846a85f1ac2475ee0f3344efc 604bd643d7ab1e5e1df8fc2568f7dedca00f662d71fb433618e75e0db51d771b
EXPORTER_SECRET 0ec1cbb125e631d16a8b7c97c1cf8353dfa989e846a85f1ac2475ee0f3344efc cf0c52ac61f9e9c9613c349efc35537f53e48f49e85353242f82ded7e936394a
CLIENT_HANDSHAKE_TRAFFIC_SECRET 4af0dfbbf7a5c4ba2e26f5004a17a95771ff7f72ba3245f854d906fdcd3cbb90 a3bdab633e6b440fbbd5b2ba1258fdda0817c67f0de3095f35d957521920b845
SERVER_HANDSHAKE_TRAFFIC_SECRET 4af0dfbbf7a5c4ba2e26f5004a17a95771ff7f72ba3245f854d906fdcd3cbb90 11f6cc676c67d04d93fcf2a6cbd8e3890d572d600fe4d458ec8641d7a6015ff2
CLIENT_HANDSHAKE_TRAFFIC_SECRET 3f55be071470b2f506bc0b74744ccbad0db5ea9cf706f7bfb7ebf0cba4df62b4 f99489b7fb197942ad76c6862b4c0b227616417f1b1a3630d6e30e475df608eb
SERVER_HANDSHAKE_TRAFFIC_SECRET 3f55be071470b2f506bc0b74744ccbad0db5ea9cf706f7bfb7ebf0cba4df62b4 976c353d8987755d7ba9208599c762faf6c2fa4108943372d96cecfedeb26f9c
CLIENT_TRAFFIC_SECRET_0 3f55be071470b2f506bc0b74744ccbad0db5ea9cf706f7bfb7ebf0cba4df62b4 1b10e2cd8bdad4c0bcf7aaaae4d5e46f02326f65a8c00bcb468190380d2e883b
SERVER_TRAFFIC_SECRET_0 3f55be071470b2f506bc0b74744ccbad0db5ea9cf706f7bfb7ebf0cba4df62b4 8b8d9b2aea434e3e9d186fa710f9d39c8759a0994b45fb482d80cbac8e8a2c1b
EXPORTER_SECRET 3f55be071470b2f506bc0b74744ccbad0db5ea9cf706f7bfb7ebf0cba4df62b4 321e4000122295ff5a9ca72134a8e7f8c483b397c55b1a1a696690f7549684a6
CLIENT_TRAFFIC_SECRET_0 4af0dfbbf7a5c4ba2e26f5004a17a95771ff7f72ba3245f854d906fdcd3cbb90 a99dfe0025a091e1edb0be3c5c527b8df4a9f6b478a08abb4229718b4e8c8c71
SERVER_TRAFFIC_SECRET_0 4af0dfbbf7a5c4ba2e26f5004a17a95771ff7f72ba3245f854d906fdcd3cbb90 f9c4c113f9d72d913c2ee0dc7e4e5c699d61bce15d338ab8679971dab8cb5590
EXPORTER_SECRET 4af0dfbbf7a5c4ba2e26f5004a17a95771ff7f72ba3245f854d906fdcd3cbb90 06f7d935866f30305146876d1bdc8bd8708d8f0cac552ddafb99ae5e0788cab4
CLIENT_RANDOM aeef701dd1936a16fd153086e6d97b46f9de3691d0ef20833f6596d3befc275b f10fb69a865f78a57a3adf397d6ec6bda84cac01c59f5023701a9e059a2520cbc67753e348cacbb7c40f05b47e05488b
CLIENT_HANDSHAKE_TRAFFIC_SECRET acf079207a5ee607f3b5fa06fef0cfae8465d8c4f0a63cc493b1ba2903562364 b8ccc4155462161aa29022444b99108bf910fdbb778d9cb9119fbae029b5e842
SERVER_HANDSHAKE_TRAFFIC_SECRET acf079207a5ee607f3b5fa06fef0cfae8465d8c4f0a63cc493b1ba2903562364 1d076d353c80989d1c51c1c82b1f7f28e7dbbd648873a0a0de75cccf6df2caa7
CLIENT_HANDSHAKE_TRAFFIC_SECRET 173039fc43ae5902d0e881ab26791e7230b4352b7d66c93fca43c06ed8c80c3d 9f8a04611efe6d2b2ce92fbe57a974db3b67fbe387b32c70c450899edf60cdfd
SERVER_HANDSHAKE_TRAFFIC_SECRET 173039fc43ae5902d0e881ab26791e7230b4352b7d66c93fca43c06ed8c80c3d 1a085bd6f1ebe03e40ff8de393db8f8c9f3e0848a98b55e972cf3661a254ca69
CLIENT_TRAFFIC_SECRET_0 acf079207a5ee607f3b5fa06fef0cfae8465d8c4f0a63cc493b1ba2903562364 183bdc0d1ae6973436a47b5d2fbf611394f5d9cd787196f161478e6b4cc9c3ac
SERVER_TRAFFIC_SECRET_0 acf079207a5ee607f3b5fa06fef0cfae8465d8c4f0a63cc493b1ba2903562364 743648f3ada837dff09f08bf22d978e82d186c28f8a05a4295062e13acad55ee
EXPORTER_SECRET acf079207a5ee607f3b5fa06fef0cfae8465d8c4f0a63cc493b1ba2903562364 bfa4b94458179ba63a8a6a60fea7d9102d097c61f33c72eb95b6c511e6acd455
CLIENT_TRAFFIC_SECRET_0 173039fc43ae5902d0e881ab26791e7230b4352b7d66c93fca43c06ed8c80c3d 7638b0b4c7e3db1215380d90f1e84e93831173c00f318c7086d5ad83a451eb1f
SERVER_TRAFFIC_SECRET_0 173039fc43ae5902d0e881ab26791e7230b4352b7d66c93fca43c06ed8c80c3d a2fa0fa984b1d79661e1ce00abc17a0d1a96498a50988c09542950db18e4a5c9
EXPORTER_SECRET 173039fc43ae5902d0e881ab26791e7230b4352b7d66c93fca43c06ed8c80c3d 71817e6896d55f31150faf563313bde94d8406e03a2e3a808e2aeb8529ab9831
CLIENT_RANDOM 5d25813f9c6789c4e7fb7c1d7fe46b3f676e62dfd724645c4b5f645dccbb016c 03b8bbf8974d5e5cc51a2a295fe69f205f5f36e8d93d6584cc2eb2f1fae6af5e3ddd5c7498589747e926d3cbe4d9b5df
CLIENT_RANDOM d9819f7943e238c9f9a39d044c0efcd8d24031c6b6a9d62d1111223ad393b0ce 0038ea9af1448f240f14da13e1467527954b45bfcbdf7d697a6e977d37f36e92b1c6e668c3865b73233d0ff9e4b42898
CLIENT_RANDOM 075732a3eedc639d7fe2322add72f388efa1d7ab7c37bf39d389b1914ade8d38 233afe24079fd9d2c6d3e6773c3714a5c3e61d0b1313db46cd500344148c349c9c9c2bc7a126cca54cd435b0c29781e2
CLIENT_RANDOM eac2236ee4b77a2e21d5e24ab785e42ea9db04661084cea10e794a01e35de67a 39419f394a2abc4cd9e206c130e7a2b05457c6e396c900bc52031c49da02a921dd8c45604aae0422c22a3896444c4fcf
CLIENT_RANDOM 67c78d9b3c4b69efe359d31ffdd6d384367814b6e0648ab7f6f2406c750afa0f 6377123d96002c2c56592d7d1341b4a4700800ef049aa205a90b6cdce0d7607d5eb60d12eeb694d24737965527f32830
CLIENT_HANDSHAKE_TRAFFIC_SECRET 7e61b2d68c183e15fb8814fa0657c131e6628cf090c0ba42b24467caa28b740a d5c5651fdcb17ac99055b956df0882ff665e5706f395f389f303e71cabf253ae
SERVER_HANDSHAKE_TRAFFIC_SECRET 7e61b2d68c183e15fb8814fa0657c131e6628cf090c0ba42b24467caa28b740a 9bb43c2e70e39fbd4be29439e2c4a093778b83e20e4b9632c8b691cab569a89d
CLIENT_TRAFFIC_SECRET_0 7e61b2d68c183e15fb8814fa0657c131e6628cf090c0ba42b24467caa28b740a e25e4d56f4c4b25d3ef88da7e8a24c4c1e01ff87233d2e37d4d733f2c1e3ef72
SERVER_TRAFFIC_SECRET_0 7e61b2d68c183e15fb8814fa0657c131e6628cf090c0ba42b24467caa28b740a 7cc5388320db4110350abfa96de8f2b85f70268497426585400f4cff1bc94c48
EXPORTER_SECRET 7e61b2d68c183e15fb8814fa0657c131e6628cf090c0ba42b24467caa28b740a 4dc06377b94df8174e5480d75922de8cf0cb619d77c4de839381795b37bc3e00
CLIENT_HANDSHAKE_TRAFFIC_SECRET 91e13a3c8f5e3fd2a18340a8b3431000e519ec3ca5d39aa7851cfcec29919e31 0029b09c40e25a255d6bd55c6e2307968878d42e8e55ae225e10e1af3b7d065d
SERVER_HANDSHAKE_TRAFFIC_SECRET 91e13a3c8f5e3fd2a18340a8b3431000e519ec3ca5d39aa7851cfcec29919e31 81a364f331663f22e3f36bbb6c72f16efba477d5d1b67488f46b2de0e211c067
CLIENT_TRAFFIC_SECRET_0 91e13a3c8f5e3fd2a18340a8b3431000e519ec3ca5d39aa7851cfcec29919e31 ab75f520848c19098f122b9f844c28ee4cebd331c7f23b85b3fd4e7e62cbbff1
SERVER_TRAFFIC_SECRET_0 91e13a3c8f5e3fd2a18340a8b3431000e519ec3ca5d39aa7851cfcec29919e31 5e49673301d40b0a2be65154bf9b0baf12d418eb1cb804df993300dd79239b2e
EXPORTER_SECRET 91e13a3c8f5e3fd2a18340a8b3431000e519ec3ca5d39aa7851cfcec29919e31 d5f12415cfa81e9f4aa437de53d8add5f8410e6d5cedcd7d3432b2702f7702f1
CLIENT_HANDSHAKE_TRAFFIC_SECRET 7c6d031da6f678197c213b7319c3196c87cad596646f5149a434b52a0df068ff 73dfe22cd97678326e4f3bd3df019d686e4f8d257e7065ff9eb70bb12baf52cb
SERVER_HANDSHAKE_TRAFFIC_SECRET 7c6d031da6f678197c213b7319c3196c87cad596646f5149a434b52a0df068ff 472c137bfcf7225cbd935862cafaa77a7930e6af6176632b386a6bc15e441cce
CLIENT_TRAFFIC_SECRET_0 7c6d031da6f678197c213b7319c3196c87cad596646f5149a434b52a0df068ff 4b825db7b75e9290b66a3344fdcb79835b58f505cab3111ac13d9fd8d0e583fe
SERVER_TRAFFIC_SECRET_0 7c6d031da6f678197c213b7319c3196c87cad596646f5149a434b52a0df068ff a1909c5840a3ebb1434746df8543609f96b0ede7ced36b54b246f3a7035c9c37
EXPORTER_SECRET 7c6d031da6f678197c213b7319c3196c87cad596646f5149a434b52a0df068ff 363dc10e7db6ff40722f76ab94548714145ba11882b1aa100c33a46b437b9598
CLIENT_HANDSHAKE_TRAFFIC_SECRET 8771deed0faceae13e4b8c7e4afa3cddbe92efbf48b88b026db3673025eb7ed9 7b00c9cd43fee9eba868334a9c0edf92a00296c3d099f6cc56939790a51f168d
SERVER_HANDSHAKE_TRAFFIC_SECRET 8771deed0faceae13e4b8c7e4afa3cddbe92efbf48b88b026db3673025eb7ed9 0b48dc944895ee2d09b8fb87dabf99eebd3370a01db90008fb24b0d02535c2af
CLIENT_TRAFFIC_SECRET_0 8771deed0faceae13e4b8c7e4afa3cddbe92efbf48b88b026db3673025eb7ed9 fad11384fe89e8b545e9e6a18f87fde3de621248667acf14f571fba375ee7500
SERVER_TRAFFIC_SECRET_0 8771deed0faceae13e4b8c7e4afa3cddbe92efbf48b88b026db3673025eb7ed9 1d8d2e1cfafd78cf90a534c58cda741fad4e306db9bf2e2514849d3ce21f6bd0
EXPORTER_SECRET 8771deed0faceae13e4b8c7e4afa3cddbe92efbf48b88b026db3673025eb7ed9 57b7b867d7fd1bb513e7562bbde3fe53ed4b10ba8745ff9c71b52c0dd1c44869
CLIENT_RANDOM 7922a53600649bb5f2b6ceb6b7c1fd4d5675a4ad4715e056976d6483b768d5cb 4ddcf129bd10705b6436eda25e9279f0f414c4eff6fed0ce62c1b225be8a5333351327c37b83bdadbfb4eb22c86b380c
CLIENT_HANDSHAKE_TRAFFIC_SECRET c7eb30ac88dc5b83fa7af356120c59da76796ed69619fb83dc465317dbd7b673 8376d695eadd6fa9e74235929435f3dcf01a7efef2b4060f4941534a5c58feef
SERVER_HANDSHAKE_TRAFFIC_SECRET c7eb30ac88dc5b83fa7af356120c59da76796ed69619fb83dc465317dbd7b673 9c9c7694df604bfb7caa0a5eea7250557f10adbcc0a7eb1a61400d756a18d773
CLIENT_TRAFFIC_SECRET_0 c7eb30ac88dc5b83fa7af356120c59da76796ed69619fb83dc465317dbd7b673 5f51f931fc7f56462baee5565c05bef885e14ba9394feb1a214af5b845632457
SERVER_TRAFFIC_SECRET_0 c7eb30ac88dc5b83fa7af356120c59da76796ed69619fb83dc465317dbd7b673 d969fdad20211f0308a8b71a33e8d8af8f1330d44bb96946e6a1555b158ce39b
EXPORTER_SECRET c7eb30ac88dc5b83fa7af356120c59da76796ed69619fb83dc465317dbd7b673 1e8fd3a4ba13438acb3d58417e1a4cecc9e673baf8644cae31e8a4ef9c4b1b43
CLIENT_HANDSHAKE_TRAFFIC_SECRET 267c32327ab9ecf02f7d2d9dc324b5f9f750c8e2aca2320ae8ca614b61dbd622 0dc9719e1ff266ad435f6c90d7ff298c58b5625e07bd1e29fd3d62f7421a33a0
SERVER_HANDSHAKE_TRAFFIC_SECRET 267c32327ab9ecf02f7d2d9dc324b5f9f750c8e2aca2320ae8ca614b61dbd622 a93577a3388f4a68515a3a9d570a4fb95535ad97a411d66c21067f1c8fef8715
CLIENT_TRAFFIC_SECRET_0 267c32327ab9ecf02f7d2d9dc324b5f9f750c8e2aca2320ae8ca614b61dbd622 76e1dc9878315559125f3667dce7acc1dba0f0e84609c193441a9bc6633e6500
SERVER_TRAFFIC_SECRET_0 267c32327ab9ecf02f7d2d9dc324b5f9f750c8e2aca2320ae8ca614b61dbd622 b30c7be00b552a59d3961f238022ade173bf6758bd56827d52ae71e0ca7eafb7
EXPORTER_SECRET 267c32327ab9ecf02f7d2d9dc324b5f9f750c8e2aca2320ae8ca614b61dbd622 1338ec001019512fe099f687554f9c30d818067b35222ef8e18ec4c21a5ff75b
CLIENT_HANDSHAKE_TRAFFIC_SECRET 51dd42109f4907db62035ce332a08dd56e9fff69e5acd1630ed71b92a09bc1c2 016091d2ba5bf5e9c073d88675905f879b84dc30ebd84a672e5057a5b7b862302a1bf7d9ce200064e0f3f6d2b164e872
SERVER_HANDSHAKE_TRAFFIC_SECRET 51dd42109f4907db62035ce332a08dd56e9fff69e5acd1630ed71b92a09bc1c2 23998ed0fea4698478aaea0eedd9d656968ce5053f4e6301a4feeefaffc135c7b1175a5daaa31a5c9dfedf94c64317e4
CLIENT_RANDOM 24789b2d90616e60568141d27752b9fd04a981c3e15706fa21f5b945319f6f2e 6c23fe117e321e15ccaea18ab57b32bf1fb4671524c140cfdd25c9cc7ab65435a751aeb7c35c05fa208a6314a99b36b8
