OCSP Request Data:
    Version: 1 (0x0)
    Requestor List:
        Certificate ID:
          Hash Algorithm: sha1
          Issuer Name Hash: 365FC5BBD0762D338F263269515F35C6941B0F36
          Issuer Key Hash: 48705EE0CB7D897DCE8D440E619E1775FFD71616
          Serial Number: 5460625FB2B2B97A411177B0A892526A1CBCA8C0
OCSP Response Data:
    OCSP Response Status: successful (0x0)
    Response Type: Basic OCSP Response
    Version: 1 (0x0)
    Responder Id: C = RU, ST = Moscow, L = Moscow, O = kochetkovns, OU = kochetkovns P3, CN = kochetkovns OCSP Responder, emailAddress = nskochetkov@edu.hse.ru
    Produced At: Nov  1 11:27:45 2021 GMT
    Responses:
    Certificate ID:
      Hash Algorithm: sha1
      Issuer Name Hash: 365FC5BBD0762D338F263269515F35C6941B0F36
      Issuer Key Hash: 48705EE0CB7D897DCE8D440E619E1775FFD71616
      Serial Number: 5460625FB2B2B97A411177B0A892526A1CBCA8C0
    Cert Status: revoked
    Revocation Time: Oct 31 17:58:40 2021 GMT
    This Update: Nov  1 11:27:45 2021 GMT

    Signature Algorithm: sha256WithRSAEncryption
         ac:9c:70:a2:a4:d8:d8:a3:3f:d1:f2:56:09:3c:9d:17:91:95:
         53:09:ce:3f:93:4d:7b:8f:0b:fc:b5:f8:98:6e:a6:17:57:78:
         09:c8:cf:b2:81:e9:50:6d:65:99:a9:e8:b3:b9:47:da:6b:73:
         5b:21:6f:cb:a3:45:aa:82:a9:97:7c:b1:ff:7c:f2:02:d2:75:
         0e:98:79:99:2d:bc:7f:79:73:9f:26:7d:2a:fa:35:36:01:58:
         b4:f1:ba:7f:bd:ae:e4:ee:2f:d3:70:81:ed:81:c7:f8:ba:43:
         72:ad:ff:27:68:32:42:35:67:01:49:96:ca:87:3b:da:c5:ce:
         3a:d3:7d:29:cf:41:90:64:d0:ea:cb:89:9b:38:50:c7:9e:ed:
         40:c9:eb:b7:6a:bb:35:de:bd:b4:73:64:67:c4:58:0f:5c:0e:
         da:6d:fe:4b:cc:6e:99:3c:d5:6a:63:aa:ec:41:e7:d3:79:e4:
         f3:f2:87:b4:83:da:77:82:45:22:1a:b6:50:f6:1e:0d:1b:27:
         b5:62:7a:d9:b9:ec:35:08:d5:87:b9:2e:be:47:34:ab:1c:ad:
         05:5a:1d:d5:a5:45:b9:13:ea:94:3e:93:89:50:8a:51:39:8e:
         58:d8:fd:ce:52:2d:82:7a:a2:1d:05:f7:56:47:4a:9f:6e:77:
         d0:30:61:71:f2:a0:41:5e:26:b2:e2:8c:bd:59:a8:28:82:2b:
         26:5a:09:fb:3e:dd:2a:16:6a:39:5a:d6:6a:cb:cd:47:e8:56:
         6f:65:f6:fd:78:b1:dc:b4:d0:13:f5:7f:cd:b7:4d:4d:af:ae:
         90:34:5b:be:d3:23:87:4d:17:30:00:49:8e:48:c3:a5:31:3e:
         57:07:e7:9e:c7:37:fb:9b:fd:6a:3d:51:44:50:e6:86:ed:11:
         33:42:c2:e8:bd:91:74:14:00:e1:c1:5c:4e:6a:34:67:e9:6a:
         a0:55:19:24:2f:70:89:79:2f:d1:d6:10:0a:90:4c:bc:8c:33:
         1a:ac:3d:ae:13:33:c1:70:0c:15:54:e6:bd:fb:31:45:28:00:
         49:91:5c:d6:a9:f0:0f:f8:c5:e7:dd:34:66:ee:70:cf:1e:b7:
         2e:6d:76:e6:df:1f:de:b3:c0:24:26:9b:70:35:52:41:19:c5:
         a8:f6:c5:e3:40:4a:a3:7d:3b:8e:f4:8c:56:ac:f3:95:05:c1:
         82:2c:e8:98:d8:10:59:b2:60:68:ee:06:cf:25:a1:da:37:f8:
         b7:e4:39:41:af:29:dd:eb:bc:0e:f6:5f:11:b9:82:4f:83:b8:
         97:41:20:52:1a:80:61:f3:97:fe:ec:a1:d2:30:ea:e7:f7:a7:
         fb:18:8c:54:7f:30:83:7e
Certificate:
    Data:
        Version: 3 (0x2)
        Serial Number:
            54:60:62:5f:b2:b2:b9:7a:41:11:77:b0:a8:92:52:6a:1c:bc:a8:c1
        Signature Algorithm: sha256WithRSAEncryption
        Issuer: C=RU, ST=Moscow, L=Moscow, O=kochetkovns, OU=kochetkovns P1, CN=kochetkovns Intermediate CA/emailAddress=nskochetkov@edu.hse.ru
        Validity
            Not Before: Oct 31 17:58:45 2021 GMT
            Not After : Oct 31 17:58:45 2022 GMT
        Subject: C=RU, ST=Moscow, L=Moscow, O=kochetkovns, OU=kochetkovns P3, CN=kochetkovns OCSP Responder/emailAddress=nskochetkov@edu.hse.ru
        Subject Public Key Info:
            Public Key Algorithm: rsaEncryption
                RSA Public-Key: (4096 bit)
                Modulus:
                    00:b5:21:48:ca:b9:5b:86:70:52:68:e4:36:6d:89:
                    9c:d4:31:bd:0f:28:dd:92:73:5c:19:24:fe:c3:cd:
                    e2:9b:7a:b3:56:5f:55:bc:35:9e:91:16:81:46:23:
                    5e:fd:f0:39:f2:eb:31:bb:d2:18:4c:10:61:37:90:
                    50:d6:29:b9:f0:6f:56:ea:11:a7:da:6f:7c:2e:e4:
                    50:67:90:07:19:25:c5:a0:72:61:a2:51:5e:88:8f:
                    f4:ef:9f:24:0a:df:73:06:fa:af:08:61:16:6b:18:
                    1f:13:bc:72:f0:30:db:10:d4:31:56:af:2f:ec:a1:
                    17:a5:de:52:e9:db:54:fe:92:49:df:37:5f:ba:af:
                    ad:fd:f2:8a:e7:cc:e1:2f:17:6e:e1:87:3e:36:c7:
                    57:34:29:a8:dd:7b:b3:f2:b9:65:63:a5:93:2d:bd:
                    8f:67:1a:45:4c:71:a6:7a:d3:77:d4:78:da:d8:6f:
                    f0:10:90:53:42:86:1f:d9:f4:e1:df:ad:7d:8a:6a:
                    7a:aa:23:c7:ef:da:57:ad:ba:52:ad:ef:d2:b1:ee:
                    05:9c:13:07:e3:cd:12:3d:86:ee:9e:b5:ce:62:74:
                    df:f8:c6:f2:34:2f:d4:fb:d4:70:f3:86:8e:f3:76:
                    9d:e1:1b:e3:3f:73:13:41:20:95:15:e2:25:28:6f:
                    be:b0:14:8e:34:a4:f5:4a:c1:d1:6b:4c:ba:18:23:
                    36:fd:07:7a:80:be:36:09:31:34:0e:59:00:a6:32:
                    27:89:62:50:59:8c:dc:6c:94:4e:f4:f8:ec:69:a3:
                    f0:29:4d:42:8d:a3:57:c8:03:77:07:02:f2:ab:42:
                    e1:3d:68:a4:7e:94:b1:c2:44:cd:14:95:8d:ac:5b:
                    43:24:4b:3a:04:b0:86:dc:50:98:d3:c2:95:5d:4e:
                    40:c6:df:a4:29:f8:51:85:6d:00:77:aa:1e:31:29:
                    f5:b7:30:a0:b0:dc:71:33:8e:2d:0a:91:40:8f:c1:
                    ff:66:b9:59:02:d8:74:be:83:44:20:39:7b:69:65:
                    48:70:c9:20:ac:7b:99:66:82:ca:80:a3:56:08:bf:
                    40:83:24:09:05:30:1e:29:40:5b:49:eb:4b:26:c1:
                    29:5d:a4:16:2a:3a:e6:7f:9d:7e:6b:02:1b:81:f7:
                    2c:f0:e4:e1:b6:89:0c:2f:45:4f:1d:6c:22:2b:91:
                    de:88:2e:30:2a:17:d8:58:49:97:1d:62:7d:61:ca:
                    cc:98:68:5c:36:12:40:17:5e:e7:16:f7:3e:25:1c:
                    ca:02:c5:b3:69:02:4e:ca:56:94:99:0f:db:33:2b:
                    ef:1d:66:f2:df:dc:22:69:33:31:eb:ad:7c:bf:85:
                    ac:57:6f
                Exponent: 65537 (0x10001)
        X509v3 extensions:
            X509v3 Subject Key Identifier: 
                09:B8:5D:FE:19:76:71:0C:B6:06:EC:F2:DE:D5:95:2F:2D:A1:F3:83
            X509v3 Authority Key Identifier: 
                keyid:48:70:5E:E0:CB:7D:89:7D:CE:8D:44:0E:61:9E:17:75:FF:D7:16:16

            X509v3 Basic Constraints: 
                CA:FALSE
            X509v3 Key Usage: critical
                Digital Signature
            X509v3 Extended Key Usage: critical
                OCSP Signing
    Signature Algorithm: sha256WithRSAEncryption
         3f:f9:12:2e:0b:e4:90:20:f7:e3:93:71:7e:63:da:b6:44:c4:
         f4:77:44:cb:5e:0a:3d:f1:a0:94:6e:93:b1:90:ba:43:37:2f:
         fd:21:74:5e:6d:af:84:57:49:97:aa:b5:b8:55:cd:9d:42:35:
         fc:33:c7:e8:10:2a:36:2a:55:46:52:23:1f:68:ba:07:87:6a:
         94:4f:54:af:06:32:a3:57:aa:d6:31:aa:53:43:be:13:2e:34:
         cd:f2:cb:b9:87:6b:79:69:a1:aa:46:f8:0c:d1:0f:4b:12:59:
         f7:56:37:e0:ac:2a:e0:2c:81:41:9b:c6:10:5a:2b:c4:92:10:
         1f:ef:bf:05:79:87:9e:25:8e:45:df:65:80:76:9e:78:e9:dc:
         fe:91:66:27:53:68:e6:8e:1e:64:0c:89:1e:79:e4:1c:39:96:
         68:17:83:16:d9:1a:33:73:3d:a1:ed:e4:ae:e5:d7:f2:8b:c8:
         c8:49:50:b5:06:b5:df:99:c4:3d:d8:fb:58:a5:e9:ee:62:f0:
         c2:ae:a8:60:65:af:21:34:4e:67:de:8e:46:5c:2b:1d:d0:5c:
         ca:12:75:97:e5:f5:47:d8:6e:ef:eb:32:4b:dc:64:79:d8:db:
         13:9b:90:e5:8c:48:59:9f:12:72:c9:b6:5d:5e:03:d3:c0:a9:
         c5:ac:ef:0b:5e:d6:07:3f:22:bb:59:ff:72:a2:c8:9c:75:8b:
         ac:28:a3:8b:a0:2b:e2:f1:1d:c1:03:bb:54:ae:cc:d9:15:33:
         7a:01:dc:db:a9:3b:49:87:9b:e2:43:07:1c:1d:ee:96:06:e7:
         3f:2f:b1:1b:a8:13:dc:ad:d5:c6:b3:b2:a7:da:0c:74:4e:22:
         a1:64:9d:9d:63:fe:d4:6d:5a:e6:3d:c4:fe:44:48:52:26:8d:
         d4:fc:12:53:25:08:58:c9:f4:8a:0b:96:4e:cf:b2:44:f6:de:
         0f:39:7e:cd:a4:8d:cf:7c:2a:0f:8f:50:f8:28:e7:e8:2b:42:
         4d:9e:61:78:47:ce:95:04:7b:13:70:11:af:a1:3d:84:50:95:
         1e:90:6a:47:97:b1:a8:36:07:c1:b2:a6:0a:48:db:4d:c2:76:
         28:c7:b1:53:a7:f0:e3:10:b5:0a:3f:3e:48:e0:27:b9:55:60:
         ef:fd:18:c3:45:7b:01:1b:ef:47:a4:76:f2:43:75:c9:53:43:
         3e:f0:dc:50:e2:f0:41:5c:b4:3c:9b:dc:12:79:99:14:1f:e3:
         20:6c:f2:c5:16:11:fc:5e:e7:50:c2:e6:3c:42:d0:39:5b:82:
         1f:4d:af:56:d6:98:8c:7a:e9:6b:ce:d7:25:e8:4c:bd:e7:e8:
         5a:02:f4:29:44:3b:64:1c
-----BEGIN CERTIFICATE-----
MIIGWjCCBEKgAwIBAgIUVGBiX7KyuXpBEXewqJJSahy8qMEwDQYJKoZIhvcNAQEL
BQAwgasxCzAJBgNVBAYTAlJVMQ8wDQYDVQQIDAZNb3Njb3cxDzANBgNVBAcMBk1v
c2NvdzEUMBIGA1UECgwLa29jaGV0a292bnMxFzAVBgNVBAsMDmtvY2hldGtvdm5z
IFAxMSQwIgYDVQQDDBtrb2NoZXRrb3ZucyBJbnRlcm1lZGlhdGUgQ0ExJTAjBgkq
hkiG9w0BCQEWFm5za29jaGV0a292QGVkdS5oc2UucnUwHhcNMjExMDMxMTc1ODQ1
WhcNMjIxMDMxMTc1ODQ1WjCBqjELMAkGA1UEBhMCUlUxDzANBgNVBAgMBk1vc2Nv
dzEPMA0GA1UEBwwGTW9zY293MRQwEgYDVQQKDAtrb2NoZXRrb3ZuczEXMBUGA1UE
CwwOa29jaGV0a292bnMgUDMxIzAhBgNVBAMMGmtvY2hldGtvdm5zIE9DU1AgUmVz
cG9uZGVyMSUwIwYJKoZIhvcNAQkBFhZuc2tvY2hldGtvdkBlZHUuaHNlLnJ1MIIC
IjANBgkqhkiG9w0BAQEFAAOCAg8AMIICCgKCAgEAtSFIyrlbhnBSaOQ2bYmc1DG9
DyjdknNcGST+w83im3qzVl9VvDWekRaBRiNe/fA58usxu9IYTBBhN5BQ1im58G9W
6hGn2m98LuRQZ5AHGSXFoHJholFeiI/0758kCt9zBvqvCGEWaxgfE7xy8DDbENQx
Vq8v7KEXpd5S6dtU/pJJ3zdfuq+t/fKK58zhLxdu4Yc+NsdXNCmo3Xuz8rllY6WT
Lb2PZxpFTHGmetN31Hja2G/wEJBTQoYf2fTh3619imp6qiPH79pXrbpSre/Sse4F
nBMH480SPYbunrXOYnTf+MbyNC/U+9Rw84aO83ad4RvjP3MTQSCVFeIlKG++sBSO
NKT1SsHRa0y6GCM2/Qd6gL42CTE0DlkApjIniWJQWYzcbJRO9PjsaaPwKU1CjaNX
yAN3BwLyq0LhPWikfpSxwkTNFJWNrFtDJEs6BLCG3FCY08KVXU5Axt+kKfhRhW0A
d6oeMSn1tzCgsNxxM44tCpFAj8H/ZrlZAth0voNEIDl7aWVIcMkgrHuZZoLKgKNW
CL9AgyQJBTAeKUBbSetLJsEpXaQWKjrmf51+awIbgfcs8OThtokML0VPHWwiK5He
iC4wKhfYWEmXHWJ9YcrMmGhcNhJAF17nFvc+JRzKAsWzaQJOylaUmQ/bMyvvHWby
39wiaTMx6618v4WsV28CAwEAAaN1MHMwHQYDVR0OBBYEFAm4Xf4ZdnEMtgbs8t7V
lS8tofODMB8GA1UdIwQYMBaAFEhwXuDLfYl9zo1EDmGeF3X/1xYWMAkGA1UdEwQC
MAAwDgYDVR0PAQH/BAQDAgeAMBYGA1UdJQEB/wQMMAoGCCsGAQUFBwMJMA0GCSqG
SIb3DQEBCwUAA4ICAQA/+RIuC+SQIPfjk3F+Y9q2RMT0d0TLXgo98aCUbpOxkLpD
Ny/9IXReba+EV0mXqrW4Vc2dQjX8M8foECo2KlVGUiMfaLoHh2qUT1SvBjKjV6rW
MapTQ74TLjTN8su5h2t5aaGqRvgM0Q9LEln3VjfgrCrgLIFBm8YQWivEkhAf778F
eYeeJY5F32WAdp546dz+kWYnU2jmjh5kDIkeeeQcOZZoF4MW2Rozcz2h7eSu5dfy
i8jISVC1BrXfmcQ92PtYpenuYvDCrqhgZa8hNE5n3o5GXCsd0FzKEnWX5fVH2G7v
6zJL3GR52NsTm5DljEhZnxJyybZdXgPTwKnFrO8LXtYHPyK7Wf9yosicdYusKKOL
oCvi8R3BA7tUrszZFTN6AdzbqTtJh5viQwccHe6WBuc/L7EbqBPcrdXGs7Kn2gx0
TiKhZJ2dY/7UbVrmPcT+REhSJo3U/BJTJQhYyfSKC5ZOz7JE9t4POX7NpI3PfCoP
j1D4KOfoK0JNnmF4R86VBHsTcBGvoT2EUJUekGpHl7GoNgfBsqYKSNtNwnYox7FT
p/DjELUKPz5I4Ce5VWDv/RjDRXsBG+9HpHbyQ3XJU0M+8NxQ4vBBXLQ8m9wSeZkU
H+MgbPLFFhH8XudQwuY8QtA5W4IfTa9W1piMeulrztcl6Ey95+haAvQpRDtkHA==
-----END CERTIFICATE-----
OCSP Request Data:
    Version: 1 (0x0)
    Requestor List:
        Certificate ID:
          Hash Algorithm: sha1
          Issuer Name Hash: 365FC5BBD0762D338F263269515F35C6941B0F36
          Issuer Key Hash: 48705EE0CB7D897DCE8D440E619E1775FFD71616
          Serial Number: 5460625FB2B2B97A411177B0A892526A1CBCA8C0
OCSP Response Data:
    OCSP Response Status: successful (0x0)
    Response Type: Basic OCSP Response
    Version: 1 (0x0)
    Responder Id: C = RU, ST = Moscow, L = Moscow, O = kochetkovns, OU = kochetkovns P3, CN = kochetkovns OCSP Responder, emailAddress = nskochetkov@edu.hse.ru
    Produced At: Nov  1 11:39:26 2021 GMT
    Responses:
    Certificate ID:
      Hash Algorithm: sha1
      Issuer Name Hash: 365FC5BBD0762D338F263269515F35C6941B0F36
      Issuer Key Hash: 48705EE0CB7D897DCE8D440E619E1775FFD71616
      Serial Number: 5460625FB2B2B97A411177B0A892526A1CBCA8C0
    Cert Status: revoked
    Revocation Time: Oct 31 17:58:40 2021 GMT
    This Update: Nov  1 11:39:26 2021 GMT

    Signature Algorithm: sha256WithRSAEncryption
         8e:79:1d:c9:d6:a4:de:be:56:80:7e:5b:aa:1f:11:15:fc:6c:
         9f:0c:9f:9f:0f:7a:78:48:32:b9:ef:92:4a:10:a2:03:86:70:
         7a:36:54:44:71:98:b0:93:1b:42:56:8b:c9:74:af:f5:49:b1:
         9b:09:d4:52:7e:72:df:7a:0b:3b:2e:cb:bd:4b:96:94:1f:fa:
         ca:8c:93:b9:37:f5:7e:1e:00:14:b2:0c:40:9e:9d:41:4d:56:
         c7:c4:a1:57:a5:39:a2:ca:8b:0d:c1:61:34:45:82:45:9b:c5:
         8b:7b:3a:71:15:1a:bc:c4:1c:78:71:e4:b4:a3:94:d3:ac:c9:
         82:80:f6:96:d5:fa:1e:01:f6:22:50:8f:c8:88:0d:d6:26:fc:
         fb:33:30:0d:87:d8:93:1f:09:ad:7d:dc:5a:61:28:23:fe:c8:
         a2:75:d5:f5:be:5c:b1:21:e5:fc:e3:1f:90:fb:b5:f5:6a:ac:
         d8:2b:fb:b3:ef:f5:4c:aa:a7:5d:d5:b9:b2:61:e6:7c:7f:6f:
         5a:99:62:dc:c9:be:24:89:17:90:a4:8f:f9:6b:cb:f4:c9:60:
         08:8e:ff:19:e5:d1:48:1d:83:8a:88:1b:9b:a2:8e:46:1e:0a:
         70:f6:30:b2:ad:fa:3d:ca:74:da:ee:94:a1:a4:a3:ee:c1:aa:
         fd:d0:79:02:c7:e8:fc:57:32:8f:1d:3e:9b:43:67:09:dd:40:
         b0:0b:38:a5:98:50:ff:ac:c6:07:48:5f:80:10:85:da:f1:8f:
         e7:5d:6d:e6:77:84:a7:42:70:b5:e3:24:6f:34:c4:e7:db:10:
         27:1e:fa:9d:26:98:ff:78:fa:e2:cc:a7:83:4e:55:94:cf:4e:
         a3:05:71:bc:75:c6:2a:f7:19:de:bf:8d:1e:22:3d:97:84:74:
         d6:79:91:aa:2b:3d:37:27:f7:e1:7f:2f:16:3e:fa:7e:a5:59:
         2b:d2:6a:69:28:c9:82:07:ae:40:df:cc:5e:aa:39:2f:ea:a0:
         44:96:d0:01:3d:06:c3:e7:c3:8c:e8:c7:0d:da:8a:b0:3b:e4:
         68:27:b7:ba:9d:14:50:78:97:04:2f:88:d0:38:4f:18:bd:c0:
         2f:91:25:3d:fb:0e:fb:d2:55:e9:d0:c1:44:02:72:0f:5d:54:
         e7:88:24:fe:c1:6b:ee:82:11:16:38:b2:24:3c:e3:3b:60:f3:
         40:97:79:ac:84:f7:0f:f4:6d:e8:f6:e0:20:24:7e:53:cf:b7:
         3d:29:d6:26:a2:ea:6f:2e:de:ff:c9:9d:bc:16:c7:20:1f:45:
         5b:eb:00:d2:77:c6:05:b7:38:0d:13:3a:8e:ee:c2:55:76:5b:
         b3:ae:20:3f:43:59:35:87
Certificate:
    Data:
        Version: 3 (0x2)
        Serial Number:
            54:60:62:5f:b2:b2:b9:7a:41:11:77:b0:a8:92:52:6a:1c:bc:a8:c1
        Signature Algorithm: sha256WithRSAEncryption
        Issuer: C=RU, ST=Moscow, L=Moscow, O=kochetkovns, OU=kochetkovns P1, CN=kochetkovns Intermediate CA/emailAddress=nskochetkov@edu.hse.ru
        Validity
            Not Before: Oct 31 17:58:45 2021 GMT
            Not After : Oct 31 17:58:45 2022 GMT
        Subject: C=RU, ST=Moscow, L=Moscow, O=kochetkovns, OU=kochetkovns P3, CN=kochetkovns OCSP Responder/emailAddress=nskochetkov@edu.hse.ru
        Subject Public Key Info:
            Public Key Algorithm: rsaEncryption
                RSA Public-Key: (4096 bit)
                Modulus:
                    00:b5:21:48:ca:b9:5b:86:70:52:68:e4:36:6d:89:
                    9c:d4:31:bd:0f:28:dd:92:73:5c:19:24:fe:c3:cd:
                    e2:9b:7a:b3:56:5f:55:bc:35:9e:91:16:81:46:23:
                    5e:fd:f0:39:f2:eb:31:bb:d2:18:4c:10:61:37:90:
                    50:d6:29:b9:f0:6f:56:ea:11:a7:da:6f:7c:2e:e4:
                    50:67:90:07:19:25:c5:a0:72:61:a2:51:5e:88:8f:
                    f4:ef:9f:24:0a:df:73:06:fa:af:08:61:16:6b:18:
                    1f:13:bc:72:f0:30:db:10:d4:31:56:af:2f:ec:a1:
                    17:a5:de:52:e9:db:54:fe:92:49:df:37:5f:ba:af:
                    ad:fd:f2:8a:e7:cc:e1:2f:17:6e:e1:87:3e:36:c7:
                    57:34:29:a8:dd:7b:b3:f2:b9:65:63:a5:93:2d:bd:
                    8f:67:1a:45:4c:71:a6:7a:d3:77:d4:78:da:d8:6f:
                    f0:10:90:53:42:86:1f:d9:f4:e1:df:ad:7d:8a:6a:
                    7a:aa:23:c7:ef:da:57:ad:ba:52:ad:ef:d2:b1:ee:
                    05:9c:13:07:e3:cd:12:3d:86:ee:9e:b5:ce:62:74:
                    df:f8:c6:f2:34:2f:d4:fb:d4:70:f3:86:8e:f3:76:
                    9d:e1:1b:e3:3f:73:13:41:20:95:15:e2:25:28:6f:
                    be:b0:14:8e:34:a4:f5:4a:c1:d1:6b:4c:ba:18:23:
                    36:fd:07:7a:80:be:36:09:31:34:0e:59:00:a6:32:
                    27:89:62:50:59:8c:dc:6c:94:4e:f4:f8:ec:69:a3:
                    f0:29:4d:42:8d:a3:57:c8:03:77:07:02:f2:ab:42:
                    e1:3d:68:a4:7e:94:b1:c2:44:cd:14:95:8d:ac:5b:
                    43:24:4b:3a:04:b0:86:dc:50:98:d3:c2:95:5d:4e:
                    40:c6:df:a4:29:f8:51:85:6d:00:77:aa:1e:31:29:
                    f5:b7:30:a0:b0:dc:71:33:8e:2d:0a:91:40:8f:c1:
                    ff:66:b9:59:02:d8:74:be:83:44:20:39:7b:69:65:
                    48:70:c9:20:ac:7b:99:66:82:ca:80:a3:56:08:bf:
                    40:83:24:09:05:30:1e:29:40:5b:49:eb:4b:26:c1:
                    29:5d:a4:16:2a:3a:e6:7f:9d:7e:6b:02:1b:81:f7:
                    2c:f0:e4:e1:b6:89:0c:2f:45:4f:1d:6c:22:2b:91:
                    de:88:2e:30:2a:17:d8:58:49:97:1d:62:7d:61:ca:
                    cc:98:68:5c:36:12:40:17:5e:e7:16:f7:3e:25:1c:
                    ca:02:c5:b3:69:02:4e:ca:56:94:99:0f:db:33:2b:
                    ef:1d:66:f2:df:dc:22:69:33:31:eb:ad:7c:bf:85:
                    ac:57:6f
                Exponent: 65537 (0x10001)
        X509v3 extensions:
            X509v3 Subject Key Identifier: 
                09:B8:5D:FE:19:76:71:0C:B6:06:EC:F2:DE:D5:95:2F:2D:A1:F3:83
            X509v3 Authority Key Identifier: 
                keyid:48:70:5E:E0:CB:7D:89:7D:CE:8D:44:0E:61:9E:17:75:FF:D7:16:16

            X509v3 Basic Constraints: 
                CA:FALSE
            X509v3 Key Usage: critical
                Digital Signature
            X509v3 Extended Key Usage: critical
                OCSP Signing
    Signature Algorithm: sha256WithRSAEncryption
         3f:f9:12:2e:0b:e4:90:20:f7:e3:93:71:7e:63:da:b6:44:c4:
         f4:77:44:cb:5e:0a:3d:f1:a0:94:6e:93:b1:90:ba:43:37:2f:
         fd:21:74:5e:6d:af:84:57:49:97:aa:b5:b8:55:cd:9d:42:35:
         fc:33:c7:e8:10:2a:36:2a:55:46:52:23:1f:68:ba:07:87:6a:
         94:4f:54:af:06:32:a3:57:aa:d6:31:aa:53:43:be:13:2e:34:
         cd:f2:cb:b9:87:6b:79:69:a1:aa:46:f8:0c:d1:0f:4b:12:59:
         f7:56:37:e0:ac:2a:e0:2c:81:41:9b:c6:10:5a:2b:c4:92:10:
         1f:ef:bf:05:79:87:9e:25:8e:45:df:65:80:76:9e:78:e9:dc:
         fe:91:66:27:53:68:e6:8e:1e:64:0c:89:1e:79:e4:1c:39:96:
         68:17:83:16:d9:1a:33:73:3d:a1:ed:e4:ae:e5:d7:f2:8b:c8:
         c8:49:50:b5:06:b5:df:99:c4:3d:d8:fb:58:a5:e9:ee:62:f0:
         c2:ae:a8:60:65:af:21:34:4e:67:de:8e:46:5c:2b:1d:d0:5c:
         ca:12:75:97:e5:f5:47:d8:6e:ef:eb:32:4b:dc:64:79:d8:db:
         13:9b:90:e5:8c:48:59:9f:12:72:c9:b6:5d:5e:03:d3:c0:a9:
         c5:ac:ef:0b:5e:d6:07:3f:22:bb:59:ff:72:a2:c8:9c:75:8b:
         ac:28:a3:8b:a0:2b:e2:f1:1d:c1:03:bb:54:ae:cc:d9:15:33:
         7a:01:dc:db:a9:3b:49:87:9b:e2:43:07:1c:1d:ee:96:06:e7:
         3f:2f:b1:1b:a8:13:dc:ad:d5:c6:b3:b2:a7:da:0c:74:4e:22:
         a1:64:9d:9d:63:fe:d4:6d:5a:e6:3d:c4:fe:44:48:52:26:8d:
         d4:fc:12:53:25:08:58:c9:f4:8a:0b:96:4e:cf:b2:44:f6:de:
         0f:39:7e:cd:a4:8d:cf:7c:2a:0f:8f:50:f8:28:e7:e8:2b:42:
         4d:9e:61:78:47:ce:95:04:7b:13:70:11:af:a1:3d:84:50:95:
         1e:90:6a:47:97:b1:a8:36:07:c1:b2:a6:0a:48:db:4d:c2:76:
         28:c7:b1:53:a7:f0:e3:10:b5:0a:3f:3e:48:e0:27:b9:55:60:
         ef:fd:18:c3:45:7b:01:1b:ef:47:a4:76:f2:43:75:c9:53:43:
         3e:f0:dc:50:e2:f0:41:5c:b4:3c:9b:dc:12:79:99:14:1f:e3:
         20:6c:f2:c5:16:11:fc:5e:e7:50:c2:e6:3c:42:d0:39:5b:82:
         1f:4d:af:56:d6:98:8c:7a:e9:6b:ce:d7:25:e8:4c:bd:e7:e8:
         5a:02:f4:29:44:3b:64:1c
-----BEGIN CERTIFICATE-----
MIIGWjCCBEKgAwIBAgIUVGBiX7KyuXpBEXewqJJSahy8qMEwDQYJKoZIhvcNAQEL
BQAwgasxCzAJBgNVBAYTAlJVMQ8wDQYDVQQIDAZNb3Njb3cxDzANBgNVBAcMBk1v
c2NvdzEUMBIGA1UECgwLa29jaGV0a292bnMxFzAVBgNVBAsMDmtvY2hldGtvdm5z
IFAxMSQwIgYDVQQDDBtrb2NoZXRrb3ZucyBJbnRlcm1lZGlhdGUgQ0ExJTAjBgkq
hkiG9w0BCQEWFm5za29jaGV0a292QGVkdS5oc2UucnUwHhcNMjExMDMxMTc1ODQ1
WhcNMjIxMDMxMTc1ODQ1WjCBqjELMAkGA1UEBhMCUlUxDzANBgNVBAgMBk1vc2Nv
dzEPMA0GA1UEBwwGTW9zY293MRQwEgYDVQQKDAtrb2NoZXRrb3ZuczEXMBUGA1UE
CwwOa29jaGV0a292bnMgUDMxIzAhBgNVBAMMGmtvY2hldGtvdm5zIE9DU1AgUmVz
cG9uZGVyMSUwIwYJKoZIhvcNAQkBFhZuc2tvY2hldGtvdkBlZHUuaHNlLnJ1MIIC
IjANBgkqhkiG9w0BAQEFAAOCAg8AMIICCgKCAgEAtSFIyrlbhnBSaOQ2bYmc1DG9
DyjdknNcGST+w83im3qzVl9VvDWekRaBRiNe/fA58usxu9IYTBBhN5BQ1im58G9W
6hGn2m98LuRQZ5AHGSXFoHJholFeiI/0758kCt9zBvqvCGEWaxgfE7xy8DDbENQx
Vq8v7KEXpd5S6dtU/pJJ3zdfuq+t/fKK58zhLxdu4Yc+NsdXNCmo3Xuz8rllY6WT
Lb2PZxpFTHGmetN31Hja2G/wEJBTQoYf2fTh3619imp6qiPH79pXrbpSre/Sse4F
nBMH480SPYbunrXOYnTf+MbyNC/U+9Rw84aO83ad4RvjP3MTQSCVFeIlKG++sBSO
NKT1SsHRa0y6GCM2/Qd6gL42CTE0DlkApjIniWJQWYzcbJRO9PjsaaPwKU1CjaNX
yAN3BwLyq0LhPWikfpSxwkTNFJWNrFtDJEs6BLCG3FCY08KVXU5Axt+kKfhRhW0A
d6oeMSn1tzCgsNxxM44tCpFAj8H/ZrlZAth0voNEIDl7aWVIcMkgrHuZZoLKgKNW
CL9AgyQJBTAeKUBbSetLJsEpXaQWKjrmf51+awIbgfcs8OThtokML0VPHWwiK5He
iC4wKhfYWEmXHWJ9YcrMmGhcNhJAF17nFvc+JRzKAsWzaQJOylaUmQ/bMyvvHWby
39wiaTMx6618v4WsV28CAwEAAaN1MHMwHQYDVR0OBBYEFAm4Xf4ZdnEMtgbs8t7V
lS8tofODMB8GA1UdIwQYMBaAFEhwXuDLfYl9zo1EDmGeF3X/1xYWMAkGA1UdEwQC
MAAwDgYDVR0PAQH/BAQDAgeAMBYGA1UdJQEB/wQMMAoGCCsGAQUFBwMJMA0GCSqG
SIb3DQEBCwUAA4ICAQA/+RIuC+SQIPfjk3F+Y9q2RMT0d0TLXgo98aCUbpOxkLpD
Ny/9IXReba+EV0mXqrW4Vc2dQjX8M8foECo2KlVGUiMfaLoHh2qUT1SvBjKjV6rW
MapTQ74TLjTN8su5h2t5aaGqRvgM0Q9LEln3VjfgrCrgLIFBm8YQWivEkhAf778F
eYeeJY5F32WAdp546dz+kWYnU2jmjh5kDIkeeeQcOZZoF4MW2Rozcz2h7eSu5dfy
i8jISVC1BrXfmcQ92PtYpenuYvDCrqhgZa8hNE5n3o5GXCsd0FzKEnWX5fVH2G7v
6zJL3GR52NsTm5DljEhZnxJyybZdXgPTwKnFrO8LXtYHPyK7Wf9yosicdYusKKOL
oCvi8R3BA7tUrszZFTN6AdzbqTtJh5viQwccHe6WBuc/L7EbqBPcrdXGs7Kn2gx0
TiKhZJ2dY/7UbVrmPcT+REhSJo3U/BJTJQhYyfSKC5ZOz7JE9t4POX7NpI3PfCoP
j1D4KOfoK0JNnmF4R86VBHsTcBGvoT2EUJUekGpHl7GoNgfBsqYKSNtNwnYox7FT
p/DjELUKPz5I4Ce5VWDv/RjDRXsBG+9HpHbyQ3XJU0M+8NxQ4vBBXLQ8m9wSeZkU
H+MgbPLFFhH8XudQwuY8QtA5W4IfTa9W1piMeulrztcl6Ey95+haAvQpRDtkHA==
-----END CERTIFICATE-----
OCSP Request Data:
    Version: 1 (0x0)
    Requestor List:
        Certificate ID:
          Hash Algorithm: sha1
          Issuer Name Hash: 365FC5BBD0762D338F263269515F35C6941B0F36
          Issuer Key Hash: 48705EE0CB7D897DCE8D440E619E1775FFD71616
          Serial Number: 5460625FB2B2B97A411177B0A892526A1CBCA8BF
OCSP Response Data:
    OCSP Response Status: successful (0x0)
    Response Type: Basic OCSP Response
    Version: 1 (0x0)
    Responder Id: C = RU, ST = Moscow, L = Moscow, O = kochetkovns, OU = kochetkovns P3, CN = kochetkovns OCSP Responder, emailAddress = nskochetkov@edu.hse.ru
    Produced At: Nov  1 11:43:54 2021 GMT
    Responses:
    Certificate ID:
      Hash Algorithm: sha1
      Issuer Name Hash: 365FC5BBD0762D338F263269515F35C6941B0F36
      Issuer Key Hash: 48705EE0CB7D897DCE8D440E619E1775FFD71616
      Serial Number: 5460625FB2B2B97A411177B0A892526A1CBCA8BF
    Cert Status: good
    This Update: Nov  1 11:43:54 2021 GMT

    Signature Algorithm: sha256WithRSAEncryption
         10:51:4a:d8:6d:5d:4f:bc:c6:28:03:04:e9:1c:c1:f8:b1:49:
         c6:38:e1:af:f4:c3:78:ab:fe:f0:68:f1:22:33:8f:2f:c8:04:
         47:a7:c9:a9:99:b0:67:21:0f:7f:3a:d1:3d:ef:29:e3:f2:5a:
         c0:12:16:39:df:d6:6f:9d:6e:ee:76:09:3a:d4:bb:d0:ca:4c:
         39:fa:4e:e0:b8:a5:b7:e2:7a:e9:06:28:9f:ef:82:3e:84:cb:
         cd:9c:5c:4f:62:90:d0:91:8a:35:11:3e:2c:c8:49:72:26:22:
         fb:f2:b1:7a:cc:94:da:22:cb:df:61:a4:95:05:d5:ff:e6:08:
         6f:36:49:fc:42:f2:b8:4d:50:7e:82:63:14:15:cd:fa:8e:bf:
         2c:ad:7a:ab:a8:23:b1:5d:8d:39:9f:6e:f3:10:bc:a0:f3:57:
         d3:46:f6:31:2d:4a:c4:66:7a:d3:55:13:a6:81:83:bd:9f:12:
         da:fe:0b:08:46:d6:f2:57:8a:22:d8:02:fa:a6:32:f4:08:45:
         a9:bd:b5:74:a2:0a:df:84:71:e2:c4:75:db:4c:db:43:cd:0c:
         3d:88:be:41:9e:be:ef:c0:db:07:cc:54:70:37:b7:a8:64:59:
         21:f6:da:7b:25:16:6d:8f:fe:55:85:cd:4e:21:1b:09:2a:ca:
         79:58:d1:02:9e:6e:e8:fc:68:24:47:88:c2:55:ae:10:00:92:
         cc:2b:6b:bc:7f:95:0b:ae:57:c7:a9:1f:9a:4a:96:c0:c1:53:
         8b:3c:e5:f2:dc:ad:a8:d2:8b:d8:ef:ca:15:f7:74:45:c6:80:
         82:aa:a4:39:64:43:1f:0c:3c:97:4c:f6:ae:bc:91:26:aa:f3:
         1b:b6:e4:61:f7:ce:24:2c:3d:82:9a:88:a1:87:41:ea:43:e8:
         20:e7:46:97:9d:87:a9:19:f9:5b:21:f2:d6:f3:a3:70:d8:9f:
         20:24:34:52:95:a5:46:4e:35:58:e0:e9:10:5a:ff:10:ad:7f:
         3d:59:83:31:89:a2:ae:78:89:d8:ed:8e:d8:84:be:f4:fa:82:
         88:4d:b1:b4:5f:1a:b6:4b:eb:07:3e:9d:d1:a6:1b:ce:a5:9c:
         a5:87:a0:80:37:d5:8f:b5:cd:f2:cb:c4:c3:22:61:ed:de:8f:
         f6:d2:cd:5c:06:f5:4d:e4:b6:20:9e:8d:ad:e2:1b:76:2e:a7:
         b7:fa:9d:a3:e6:f7:ea:7a:be:1e:3c:19:9b:fb:6d:9d:e6:fc:
         dc:69:db:ff:3a:ca:9d:43:4c:cf:67:57:7c:32:6d:5b:90:a0:
         d0:42:05:43:4f:06:be:ce:53:78:05:6b:7a:7d:68:7e:21:4f:
         59:b4:45:a2:d8:35:ee:e0
Certificate:
    Data:
        Version: 3 (0x2)
        Serial Number:
            54:60:62:5f:b2:b2:b9:7a:41:11:77:b0:a8:92:52:6a:1c:bc:a8:c1
        Signature Algorithm: sha256WithRSAEncryption
        Issuer: C=RU, ST=Moscow, L=Moscow, O=kochetkovns, OU=kochetkovns P1, CN=kochetkovns Intermediate CA/emailAddress=nskochetkov@edu.hse.ru
        Validity
            Not Before: Oct 31 17:58:45 2021 GMT
            Not After : Oct 31 17:58:45 2022 GMT
        Subject: C=RU, ST=Moscow, L=Moscow, O=kochetkovns, OU=kochetkovns P3, CN=kochetkovns OCSP Responder/emailAddress=nskochetkov@edu.hse.ru
        Subject Public Key Info:
            Public Key Algorithm: rsaEncryption
                RSA Public-Key: (4096 bit)
                Modulus:
                    00:b5:21:48:ca:b9:5b:86:70:52:68:e4:36:6d:89:
                    9c:d4:31:bd:0f:28:dd:92:73:5c:19:24:fe:c3:cd:
                    e2:9b:7a:b3:56:5f:55:bc:35:9e:91:16:81:46:23:
                    5e:fd:f0:39:f2:eb:31:bb:d2:18:4c:10:61:37:90:
                    50:d6:29:b9:f0:6f:56:ea:11:a7:da:6f:7c:2e:e4:
                    50:67:90:07:19:25:c5:a0:72:61:a2:51:5e:88:8f:
                    f4:ef:9f:24:0a:df:73:06:fa:af:08:61:16:6b:18:
                    1f:13:bc:72:f0:30:db:10:d4:31:56:af:2f:ec:a1:
                    17:a5:de:52:e9:db:54:fe:92:49:df:37:5f:ba:af:
                    ad:fd:f2:8a:e7:cc:e1:2f:17:6e:e1:87:3e:36:c7:
                    57:34:29:a8:dd:7b:b3:f2:b9:65:63:a5:93:2d:bd:
                    8f:67:1a:45:4c:71:a6:7a:d3:77:d4:78:da:d8:6f:
                    f0:10:90:53:42:86:1f:d9:f4:e1:df:ad:7d:8a:6a:
                    7a:aa:23:c7:ef:da:57:ad:ba:52:ad:ef:d2:b1:ee:
                    05:9c:13:07:e3:cd:12:3d:86:ee:9e:b5:ce:62:74:
                    df:f8:c6:f2:34:2f:d4:fb:d4:70:f3:86:8e:f3:76:
                    9d:e1:1b:e3:3f:73:13:41:20:95:15:e2:25:28:6f:
                    be:b0:14:8e:34:a4:f5:4a:c1:d1:6b:4c:ba:18:23:
                    36:fd:07:7a:80:be:36:09:31:34:0e:59:00:a6:32:
                    27:89:62:50:59:8c:dc:6c:94:4e:f4:f8:ec:69:a3:
                    f0:29:4d:42:8d:a3:57:c8:03:77:07:02:f2:ab:42:
                    e1:3d:68:a4:7e:94:b1:c2:44:cd:14:95:8d:ac:5b:
                    43:24:4b:3a:04:b0:86:dc:50:98:d3:c2:95:5d:4e:
                    40:c6:df:a4:29:f8:51:85:6d:00:77:aa:1e:31:29:
                    f5:b7:30:a0:b0:dc:71:33:8e:2d:0a:91:40:8f:c1:
                    ff:66:b9:59:02:d8:74:be:83:44:20:39:7b:69:65:
                    48:70:c9:20:ac:7b:99:66:82:ca:80:a3:56:08:bf:
                    40:83:24:09:05:30:1e:29:40:5b:49:eb:4b:26:c1:
                    29:5d:a4:16:2a:3a:e6:7f:9d:7e:6b:02:1b:81:f7:
                    2c:f0:e4:e1:b6:89:0c:2f:45:4f:1d:6c:22:2b:91:
                    de:88:2e:30:2a:17:d8:58:49:97:1d:62:7d:61:ca:
                    cc:98:68:5c:36:12:40:17:5e:e7:16:f7:3e:25:1c:
                    ca:02:c5:b3:69:02:4e:ca:56:94:99:0f:db:33:2b:
                    ef:1d:66:f2:df:dc:22:69:33:31:eb:ad:7c:bf:85:
                    ac:57:6f
                Exponent: 65537 (0x10001)
        X509v3 extensions:
            X509v3 Subject Key Identifier: 
                09:B8:5D:FE:19:76:71:0C:B6:06:EC:F2:DE:D5:95:2F:2D:A1:F3:83
            X509v3 Authority Key Identifier: 
                keyid:48:70:5E:E0:CB:7D:89:7D:CE:8D:44:0E:61:9E:17:75:FF:D7:16:16

            X509v3 Basic Constraints: 
                CA:FALSE
            X509v3 Key Usage: critical
                Digital Signature
            X509v3 Extended Key Usage: critical
                OCSP Signing
    Signature Algorithm: sha256WithRSAEncryption
         3f:f9:12:2e:0b:e4:90:20:f7:e3:93:71:7e:63:da:b6:44:c4:
         f4:77:44:cb:5e:0a:3d:f1:a0:94:6e:93:b1:90:ba:43:37:2f:
         fd:21:74:5e:6d:af:84:57:49:97:aa:b5:b8:55:cd:9d:42:35:
         fc:33:c7:e8:10:2a:36:2a:55:46:52:23:1f:68:ba:07:87:6a:
         94:4f:54:af:06:32:a3:57:aa:d6:31:aa:53:43:be:13:2e:34:
         cd:f2:cb:b9:87:6b:79:69:a1:aa:46:f8:0c:d1:0f:4b:12:59:
         f7:56:37:e0:ac:2a:e0:2c:81:41:9b:c6:10:5a:2b:c4:92:10:
         1f:ef:bf:05:79:87:9e:25:8e:45:df:65:80:76:9e:78:e9:dc:
         fe:91:66:27:53:68:e6:8e:1e:64:0c:89:1e:79:e4:1c:39:96:
         68:17:83:16:d9:1a:33:73:3d:a1:ed:e4:ae:e5:d7:f2:8b:c8:
         c8:49:50:b5:06:b5:df:99:c4:3d:d8:fb:58:a5:e9:ee:62:f0:
         c2:ae:a8:60:65:af:21:34:4e:67:de:8e:46:5c:2b:1d:d0:5c:
         ca:12:75:97:e5:f5:47:d8:6e:ef:eb:32:4b:dc:64:79:d8:db:
         13:9b:90:e5:8c:48:59:9f:12:72:c9:b6:5d:5e:03:d3:c0:a9:
         c5:ac:ef:0b:5e:d6:07:3f:22:bb:59:ff:72:a2:c8:9c:75:8b:
         ac:28:a3:8b:a0:2b:e2:f1:1d:c1:03:bb:54:ae:cc:d9:15:33:
         7a:01:dc:db:a9:3b:49:87:9b:e2:43:07:1c:1d:ee:96:06:e